CRITICAL - 2023-09-23 12:52:09 --> Undefined property: App\Controllers\MusicController::$music
in APPPATH\Controllers\MusicController.php on line 16.
 1 APPPATH\Controllers\MusicController.php(16): CodeIgniter\Debug\Exceptions->errorHandler(2, 'Undefined property: App\\Controllers\\MusicController::$music', 'C:\\laragon\\www\\laboratory2\\app\\Controllers\\MusicController.php', 16)
 2 SYSTEMPATH\CodeIgniter.php(919): App\Controllers\MusicController->CaibalLester()
 3 SYSTEMPATH\CodeIgniter.php(494): CodeIgniter\CodeIgniter->runController(Object(App\Controllers\MusicController))
 4 SYSTEMPATH\CodeIgniter.php(353): CodeIgniter\CodeIgniter->handleRequest(null, Object(Config\Cache), false)
 5 FCPATH\index.php(79): CodeIgniter\CodeIgniter->run()
 6 SYSTEMPATH\Commands\Server\rewrite.php(47): require_once('C:\\laragon\\www\\laboratory2\\public\\index.php')
CRITICAL - 2023-09-23 12:52:59 --> Undefined property: App\Controllers\MusicController::$music
in APPPATH\Controllers\MusicController.php on line 16.
 1 APPPATH\Controllers\MusicController.php(16): CodeIgniter\Debug\Exceptions->errorHandler(2, 'Undefined property: App\\Controllers\\MusicController::$music', 'C:\\laragon\\www\\laboratory2\\app\\Controllers\\MusicController.php', 16)
 2 SYSTEMPATH\CodeIgniter.php(919): App\Controllers\MusicController->CaibalLester()
 3 SYSTEMPATH\CodeIgniter.php(494): CodeIgniter\CodeIgniter->runController(Object(App\Controllers\MusicController))
 4 SYSTEMPATH\CodeIgniter.php(353): CodeIgniter\CodeIgniter->handleRequest(null, Object(Config\Cache), false)
 5 FCPATH\index.php(79): CodeIgniter\CodeIgniter->run()
 6 SYSTEMPATH\Commands\Server\rewrite.php(47): require_once('C:\\laragon\\www\\laboratory2\\public\\index.php')
ERROR - 2023-09-23 12:55:17 --> mysqli_sql_exception: Table 'laboratory02.musics' doesn't exist in C:\laragon\www\laboratory2\system\Database\MySQLi\Connection.php:306
Stack trace:
#0 C:\laragon\www\laboratory2\system\Database\MySQLi\Connection.php(306): mysqli->query('SELECT *\nFROM `...', 0)
#1 C:\laragon\www\laboratory2\system\Database\BaseConnection.php(692): CodeIgniter\Database\MySQLi\Connection->execute('SELECT *\nFROM `...')
#2 C:\laragon\www\laboratory2\system\Database\BaseConnection.php(606): CodeIgniter\Database\BaseConnection->simpleQuery('SELECT *\nFROM `...')
#3 C:\laragon\www\laboratory2\system\Database\BaseBuilder.php(1615): CodeIgniter\Database\BaseConnection->query('SELECT *\nFROM `...', Array, false)
#4 C:\laragon\www\laboratory2\system\Model.php(237): CodeIgniter\Database\BaseBuilder->get()
#5 C:\laragon\www\laboratory2\system\BaseModel.php(624): CodeIgniter\Model->doFindAll(0, 0)
#6 C:\laragon\www\laboratory2\app\Controllers\MusicController.php(23): CodeIgniter\BaseModel->findAll()
#7 C:\laragon\www\laboratory2\system\CodeIgniter.php(919): App\Controllers\MusicController->CaibalLester()
#8 C:\laragon\www\laboratory2\system\CodeIgniter.php(494): CodeIgniter\CodeIgniter->runController(Object(App\Controllers\MusicController))
#9 C:\laragon\www\laboratory2\system\CodeIgniter.php(353): CodeIgniter\CodeIgniter->handleRequest(NULL, Object(Config\Cache), false)
#10 C:\laragon\www\laboratory2\public\index.php(79): CodeIgniter\CodeIgniter->run()
#11 C:\laragon\www\laboratory2\system\Commands\Server\rewrite.php(47): require_once('C:\\laragon\\www\\...')
#12 {main}
CRITICAL - 2023-09-23 12:55:17 --> Table 'laboratory02.musics' doesn't exist
in SYSTEMPATH\Database\BaseConnection.php on line 646.
 1 SYSTEMPATH\Database\BaseBuilder.php(1615): CodeIgniter\Database\BaseConnection->query('SELECT *
FROM `musics`', [], false)
 2 SYSTEMPATH\Model.php(237): CodeIgniter\Database\BaseBuilder->get()
 3 SYSTEMPATH\BaseModel.php(624): CodeIgniter\Model->doFindAll(0, 0)
 4 APPPATH\Controllers\MusicController.php(23): CodeIgniter\BaseModel->findAll()
 5 SYSTEMPATH\CodeIgniter.php(919): App\Controllers\MusicController->CaibalLester()
 6 SYSTEMPATH\CodeIgniter.php(494): CodeIgniter\CodeIgniter->runController(Object(App\Controllers\MusicController))
 7 SYSTEMPATH\CodeIgniter.php(353): CodeIgniter\CodeIgniter->handleRequest(null, Object(Config\Cache), false)
 8 FCPATH\index.php(79): CodeIgniter\CodeIgniter->run()
 9 SYSTEMPATH\Commands\Server\rewrite.php(47): require_once('C:\\laragon\\www\\laboratory2\\public\\index.php')
CRITICAL - 2023-09-23 14:39:07 --> Undefined array key "id"
in APPPATH\Controllers\MusicController.php on line 52.
 1 APPPATH\Controllers\MusicController.php(52): CodeIgniter\Debug\Exceptions->errorHandler(2, 'Undefined array key "id"', 'C:\\laragon\\www\\laboratory2\\app\\Controllers\\MusicController.php', 52)
 2 SYSTEMPATH\CodeIgniter.php(919): App\Controllers\MusicController->save()
 3 SYSTEMPATH\CodeIgniter.php(494): CodeIgniter\CodeIgniter->runController(Object(App\Controllers\MusicController))
 4 SYSTEMPATH\CodeIgniter.php(353): CodeIgniter\CodeIgniter->handleRequest(null, Object(Config\Cache), false)
 5 FCPATH\index.php(79): CodeIgniter\CodeIgniter->run()
 6 SYSTEMPATH\Commands\Server\rewrite.php(47): require_once('C:\\laragon\\www\\laboratory2\\public\\index.php')
CRITICAL - 2023-09-23 14:42:17 --> Undefined array key "id"
in APPPATH\Controllers\MusicController.php on line 52.
 1 APPPATH\Controllers\MusicController.php(52): CodeIgniter\Debug\Exceptions->errorHandler(2, 'Undefined array key "id"', 'C:\\laragon\\www\\laboratory2\\app\\Controllers\\MusicController.php', 52)
 2 SYSTEMPATH\CodeIgniter.php(919): App\Controllers\MusicController->save()
 3 SYSTEMPATH\CodeIgniter.php(494): CodeIgniter\CodeIgniter->runController(Object(App\Controllers\MusicController))
 4 SYSTEMPATH\CodeIgniter.php(353): CodeIgniter\CodeIgniter->handleRequest(null, Object(Config\Cache), false)
 5 FCPATH\index.php(79): CodeIgniter\CodeIgniter->run()
 6 SYSTEMPATH\Commands\Server\rewrite.php(47): require_once('C:\\laragon\\www\\laboratory2\\public\\index.php')
CRITICAL - 2023-09-23 14:43:59 --> Undefined array key "id"
in APPPATH\Controllers\MusicController.php on line 52.
 1 APPPATH\Controllers\MusicController.php(52): CodeIgniter\Debug\Exceptions->errorHandler(2, 'Undefined array key "id"', 'C:\\laragon\\www\\laboratory2\\app\\Controllers\\MusicController.php', 52)
 2 SYSTEMPATH\CodeIgniter.php(919): App\Controllers\MusicController->save()
 3 SYSTEMPATH\CodeIgniter.php(494): CodeIgniter\CodeIgniter->runController(Object(App\Controllers\MusicController))
 4 SYSTEMPATH\CodeIgniter.php(353): CodeIgniter\CodeIgniter->handleRequest(null, Object(Config\Cache), false)
 5 FCPATH\index.php(79): CodeIgniter\CodeIgniter->run()
 6 SYSTEMPATH\Commands\Server\rewrite.php(47): require_once('C:\\laragon\\www\\laboratory2\\public\\index.php')
CRITICAL - 2023-09-23 14:45:28 --> Undefined array key "id"
in APPPATH\Controllers\MusicController.php on line 52.
 1 APPPATH\Controllers\MusicController.php(52): CodeIgniter\Debug\Exceptions->errorHandler(2, 'Undefined array key "id"', 'C:\\laragon\\www\\laboratory2\\app\\Controllers\\MusicController.php', 52)
 2 SYSTEMPATH\CodeIgniter.php(919): App\Controllers\MusicController->save()
 3 SYSTEMPATH\CodeIgniter.php(494): CodeIgniter\CodeIgniter->runController(Object(App\Controllers\MusicController))
 4 SYSTEMPATH\CodeIgniter.php(353): CodeIgniter\CodeIgniter->handleRequest(null, Object(Config\Cache), false)
 5 FCPATH\index.php(79): CodeIgniter\CodeIgniter->run()
 6 SYSTEMPATH\Commands\Server\rewrite.php(47): require_once('C:\\laragon\\www\\laboratory2\\public\\index.php')
CRITICAL - 2023-09-23 14:46:17 --> Undefined array key "id"
in APPPATH\Controllers\MusicController.php on line 52.
 1 APPPATH\Controllers\MusicController.php(52): CodeIgniter\Debug\Exceptions->errorHandler(2, 'Undefined array key "id"', 'C:\\laragon\\www\\laboratory2\\app\\Controllers\\MusicController.php', 52)
 2 SYSTEMPATH\CodeIgniter.php(919): App\Controllers\MusicController->save()
 3 SYSTEMPATH\CodeIgniter.php(494): CodeIgniter\CodeIgniter->runController(Object(App\Controllers\MusicController))
 4 SYSTEMPATH\CodeIgniter.php(353): CodeIgniter\CodeIgniter->handleRequest(null, Object(Config\Cache), false)
 5 FCPATH\index.php(79): CodeIgniter\CodeIgniter->run()
 6 SYSTEMPATH\Commands\Server\rewrite.php(47): require_once('C:\\laragon\\www\\laboratory2\\public\\index.php')
CRITICAL - 2023-09-23 14:49:06 --> Undefined array key "id"
in APPPATH\Controllers\MusicController.php on line 52.
 1 APPPATH\Controllers\MusicController.php(52): CodeIgniter\Debug\Exceptions->errorHandler(2, 'Undefined array key "id"', 'C:\\laragon\\www\\laboratory2\\app\\Controllers\\MusicController.php', 52)
 2 SYSTEMPATH\CodeIgniter.php(919): App\Controllers\MusicController->save()
 3 SYSTEMPATH\CodeIgniter.php(494): CodeIgniter\CodeIgniter->runController(Object(App\Controllers\MusicController))
 4 SYSTEMPATH\CodeIgniter.php(353): CodeIgniter\CodeIgniter->handleRequest(null, Object(Config\Cache), false)
 5 FCPATH\index.php(79): CodeIgniter\CodeIgniter->run()
 6 SYSTEMPATH\Commands\Server\rewrite.php(47): require_once('C:\\laragon\\www\\laboratory2\\public\\index.php')
CRITICAL - 2023-09-23 15:08:34 --> Undefined array key "audioSrc"
in APPPATH\Views\musics.php on line 144.
 1 APPPATH\Views\musics.php(144): CodeIgniter\Debug\Exceptions->errorHandler(2, 'Undefined array key "audioSrc"', 'C:\\laragon\\www\\laboratory2\\app\\Views\\musics.php', 144)
 2 SYSTEMPATH\View\View.php(226): include('C:\\laragon\\www\\laboratory2\\app\\Views\\musics.php')
 3 SYSTEMPATH\View\View.php(229): CodeIgniter\View\View->CodeIgniter\View\{closure}()
 4 SYSTEMPATH\Common.php(1188): CodeIgniter\View\View->render('musics', [], true)
 5 APPPATH\Controllers\MusicController.php(24): view('musics', [...])
 6 SYSTEMPATH\CodeIgniter.php(919): App\Controllers\MusicController->CaibalLester()
 7 SYSTEMPATH\CodeIgniter.php(494): CodeIgniter\CodeIgniter->runController(Object(App\Controllers\MusicController))
 8 SYSTEMPATH\CodeIgniter.php(353): CodeIgniter\CodeIgniter->handleRequest(null, Object(Config\Cache), false)
 9 FCPATH\index.php(79): CodeIgniter\CodeIgniter->run()
10 SYSTEMPATH\Commands\Server\rewrite.php(47): require_once('C:\\laragon\\www\\laboratory2\\public\\index.php')
CRITICAL - 2023-09-23 15:35:23 --> Undefined array key "pid"
in APPPATH\Views\musics.php on line 147.
 1 APPPATH\Views\musics.php(147): CodeIgniter\Debug\Exceptions->errorHandler(2, 'Undefined array key "pid"', 'C:\\laragon\\www\\laboratory2\\app\\Views\\musics.php', 147)
 2 SYSTEMPATH\View\View.php(226): include('C:\\laragon\\www\\laboratory2\\app\\Views\\musics.php')
 3 SYSTEMPATH\View\View.php(229): CodeIgniter\View\View->CodeIgniter\View\{closure}()
 4 SYSTEMPATH\Common.php(1188): CodeIgniter\View\View->render('musics', [], true)
 5 APPPATH\Controllers\MusicController.php(24): view('musics', [...])
 6 SYSTEMPATH\CodeIgniter.php(919): App\Controllers\MusicController->CaibalLester()
 7 SYSTEMPATH\CodeIgniter.php(494): CodeIgniter\CodeIgniter->runController(Object(App\Controllers\MusicController))
 8 SYSTEMPATH\CodeIgniter.php(353): CodeIgniter\CodeIgniter->handleRequest(null, Object(Config\Cache), false)
 9 FCPATH\index.php(79): CodeIgniter\CodeIgniter->run()
10 SYSTEMPATH\Commands\Server\rewrite.php(47): require_once('C:\\laragon\\www\\laboratory2\\public\\index.php')
CRITICAL - 2023-09-23 15:36:48 --> Undefined array key "id"
in APPPATH\Views\musics.php on line 145.
 1 APPPATH\Views\musics.php(145): CodeIgniter\Debug\Exceptions->errorHandler(2, 'Undefined array key "id"', 'C:\\laragon\\www\\laboratory2\\app\\Views\\musics.php', 145)
 2 SYSTEMPATH\View\View.php(226): include('C:\\laragon\\www\\laboratory2\\app\\Views\\musics.php')
 3 SYSTEMPATH\View\View.php(229): CodeIgniter\View\View->CodeIgniter\View\{closure}()
 4 SYSTEMPATH\Common.php(1188): CodeIgniter\View\View->render('musics', [], true)
 5 APPPATH\Controllers\MusicController.php(24): view('musics', [...])
 6 SYSTEMPATH\CodeIgniter.php(919): App\Controllers\MusicController->CaibalLester()
 7 SYSTEMPATH\CodeIgniter.php(494): CodeIgniter\CodeIgniter->runController(Object(App\Controllers\MusicController))
 8 SYSTEMPATH\CodeIgniter.php(353): CodeIgniter\CodeIgniter->handleRequest(null, Object(Config\Cache), false)
 9 FCPATH\index.php(79): CodeIgniter\CodeIgniter->run()
10 SYSTEMPATH\Commands\Server\rewrite.php(47): require_once('C:\\laragon\\www\\laboratory2\\public\\index.php')
CRITICAL - 2023-09-23 15:36:50 --> Undefined array key "id"
in APPPATH\Views\musics.php on line 145.
 1 APPPATH\Views\musics.php(145): CodeIgniter\Debug\Exceptions->errorHandler(2, 'Undefined array key "id"', 'C:\\laragon\\www\\laboratory2\\app\\Views\\musics.php', 145)
 2 SYSTEMPATH\View\View.php(226): include('C:\\laragon\\www\\laboratory2\\app\\Views\\musics.php')
 3 SYSTEMPATH\View\View.php(229): CodeIgniter\View\View->CodeIgniter\View\{closure}()
 4 SYSTEMPATH\Common.php(1188): CodeIgniter\View\View->render('musics', [], true)
 5 APPPATH\Controllers\MusicController.php(24): view('musics', [...])
 6 SYSTEMPATH\CodeIgniter.php(919): App\Controllers\MusicController->CaibalLester()
 7 SYSTEMPATH\CodeIgniter.php(494): CodeIgniter\CodeIgniter->runController(Object(App\Controllers\MusicController))
 8 SYSTEMPATH\CodeIgniter.php(353): CodeIgniter\CodeIgniter->handleRequest(null, Object(Config\Cache), false)
 9 FCPATH\index.php(79): CodeIgniter\CodeIgniter->run()
10 SYSTEMPATH\Commands\Server\rewrite.php(47): require_once('C:\\laragon\\www\\laboratory2\\public\\index.php')
CRITICAL - 2023-09-23 15:37:10 --> Undefined array key "id"
in APPPATH\Views\musics.php on line 145.
 1 APPPATH\Views\musics.php(145): CodeIgniter\Debug\Exceptions->errorHandler(2, 'Undefined array key "id"', 'C:\\laragon\\www\\laboratory2\\app\\Views\\musics.php', 145)
 2 SYSTEMPATH\View\View.php(226): include('C:\\laragon\\www\\laboratory2\\app\\Views\\musics.php')
 3 SYSTEMPATH\View\View.php(229): CodeIgniter\View\View->CodeIgniter\View\{closure}()
 4 SYSTEMPATH\Common.php(1188): CodeIgniter\View\View->render('musics', [], true)
 5 APPPATH\Controllers\MusicController.php(24): view('musics', [...])
 6 SYSTEMPATH\CodeIgniter.php(919): App\Controllers\MusicController->CaibalLester()
 7 SYSTEMPATH\CodeIgniter.php(494): CodeIgniter\CodeIgniter->runController(Object(App\Controllers\MusicController))
 8 SYSTEMPATH\CodeIgniter.php(353): CodeIgniter\CodeIgniter->handleRequest(null, Object(Config\Cache), false)
 9 FCPATH\index.php(79): CodeIgniter\CodeIgniter->run()
10 SYSTEMPATH\Commands\Server\rewrite.php(47): require_once('C:\\laragon\\www\\laboratory2\\public\\index.php')
CRITICAL - 2023-09-23 15:37:12 --> Undefined array key "id"
in APPPATH\Views\musics.php on line 145.
 1 APPPATH\Views\musics.php(145): CodeIgniter\Debug\Exceptions->errorHandler(2, 'Undefined array key "id"', 'C:\\laragon\\www\\laboratory2\\app\\Views\\musics.php', 145)
 2 SYSTEMPATH\View\View.php(226): include('C:\\laragon\\www\\laboratory2\\app\\Views\\musics.php')
 3 SYSTEMPATH\View\View.php(229): CodeIgniter\View\View->CodeIgniter\View\{closure}()
 4 SYSTEMPATH\Common.php(1188): CodeIgniter\View\View->render('musics', [], true)
 5 APPPATH\Controllers\MusicController.php(24): view('musics', [...])
 6 SYSTEMPATH\CodeIgniter.php(919): App\Controllers\MusicController->CaibalLester()
 7 SYSTEMPATH\CodeIgniter.php(494): CodeIgniter\CodeIgniter->runController(Object(App\Controllers\MusicController))
 8 SYSTEMPATH\CodeIgniter.php(353): CodeIgniter\CodeIgniter->handleRequest(null, Object(Config\Cache), false)
 9 FCPATH\index.php(79): CodeIgniter\CodeIgniter->run()
10 SYSTEMPATH\Commands\Server\rewrite.php(47): require_once('C:\\laragon\\www\\laboratory2\\public\\index.php')
CRITICAL - 2023-09-23 15:37:30 --> Undefined variable $items
in APPPATH\Views\musics.php on line 163.
 1 APPPATH\Views\musics.php(163): CodeIgniter\Debug\Exceptions->errorHandler(2, 'Undefined variable $items', 'C:\\laragon\\www\\laboratory2\\app\\Views\\musics.php', 163)
 2 SYSTEMPATH\View\View.php(226): include('C:\\laragon\\www\\laboratory2\\app\\Views\\musics.php')
 3 SYSTEMPATH\View\View.php(229): CodeIgniter\View\View->CodeIgniter\View\{closure}()
 4 SYSTEMPATH\Common.php(1188): CodeIgniter\View\View->render('musics', [], true)
 5 APPPATH\Controllers\MusicController.php(24): view('musics', [...])
 6 SYSTEMPATH\CodeIgniter.php(919): App\Controllers\MusicController->CaibalLester()
 7 SYSTEMPATH\CodeIgniter.php(494): CodeIgniter\CodeIgniter->runController(Object(App\Controllers\MusicController))
 8 SYSTEMPATH\CodeIgniter.php(353): CodeIgniter\CodeIgniter->handleRequest(null, Object(Config\Cache), false)
 9 FCPATH\index.php(79): CodeIgniter\CodeIgniter->run()
10 SYSTEMPATH\Commands\Server\rewrite.php(47): require_once('C:\\laragon\\www\\laboratory2\\public\\index.php')
CRITICAL - 2023-09-23 15:37:55 --> Call to a member function fetch_assoc() on array
in APPPATH\Views\musics.php on line 163.
 1 SYSTEMPATH\View\View.php(226): include()
 2 SYSTEMPATH\View\View.php(229): CodeIgniter\View\View->CodeIgniter\View\{closure}()
 3 SYSTEMPATH\Common.php(1188): CodeIgniter\View\View->render('musics', [], true)
 4 APPPATH\Controllers\MusicController.php(24): view('musics', [...])
 5 SYSTEMPATH\CodeIgniter.php(919): App\Controllers\MusicController->CaibalLester()
 6 SYSTEMPATH\CodeIgniter.php(494): CodeIgniter\CodeIgniter->runController(Object(App\Controllers\MusicController))
 7 SYSTEMPATH\CodeIgniter.php(353): CodeIgniter\CodeIgniter->handleRequest(null, Object(Config\Cache), false)
 8 FCPATH\index.php(79): CodeIgniter\CodeIgniter->run()
 9 SYSTEMPATH\Commands\Server\rewrite.php(47): require_once('C:\\laragon\\www\\laboratory2\\public\\index.php')
CRITICAL - 2023-09-23 15:39:21 --> Undefined array key "id"
in APPPATH\Views\musics.php on line 147.
 1 APPPATH\Views\musics.php(147): CodeIgniter\Debug\Exceptions->errorHandler(2, 'Undefined array key "id"', 'C:\\laragon\\www\\laboratory2\\app\\Views\\musics.php', 147)
 2 SYSTEMPATH\View\View.php(226): include('C:\\laragon\\www\\laboratory2\\app\\Views\\musics.php')
 3 SYSTEMPATH\View\View.php(229): CodeIgniter\View\View->CodeIgniter\View\{closure}()
 4 SYSTEMPATH\Common.php(1188): CodeIgniter\View\View->render('musics', [], true)
 5 APPPATH\Controllers\MusicController.php(24): view('musics', [...])
 6 SYSTEMPATH\CodeIgniter.php(919): App\Controllers\MusicController->CaibalLester()
 7 SYSTEMPATH\CodeIgniter.php(494): CodeIgniter\CodeIgniter->runController(Object(App\Controllers\MusicController))
 8 SYSTEMPATH\CodeIgniter.php(353): CodeIgniter\CodeIgniter->handleRequest(null, Object(Config\Cache), false)
 9 FCPATH\index.php(79): CodeIgniter\CodeIgniter->run()
10 SYSTEMPATH\Commands\Server\rewrite.php(47): require_once('C:\\laragon\\www\\laboratory2\\public\\index.php')
CRITICAL - 2023-09-23 15:39:27 --> Undefined array key "id"
in APPPATH\Views\musics.php on line 147.
 1 APPPATH\Views\musics.php(147): CodeIgniter\Debug\Exceptions->errorHandler(2, 'Undefined array key "id"', 'C:\\laragon\\www\\laboratory2\\app\\Views\\musics.php', 147)
 2 SYSTEMPATH\View\View.php(226): include('C:\\laragon\\www\\laboratory2\\app\\Views\\musics.php')
 3 SYSTEMPATH\View\View.php(229): CodeIgniter\View\View->CodeIgniter\View\{closure}()
 4 SYSTEMPATH\Common.php(1188): CodeIgniter\View\View->render('musics', [], true)
 5 APPPATH\Controllers\MusicController.php(24): view('musics', [...])
 6 SYSTEMPATH\CodeIgniter.php(919): App\Controllers\MusicController->CaibalLester()
 7 SYSTEMPATH\CodeIgniter.php(494): CodeIgniter\CodeIgniter->runController(Object(App\Controllers\MusicController))
 8 SYSTEMPATH\CodeIgniter.php(353): CodeIgniter\CodeIgniter->handleRequest(null, Object(Config\Cache), false)
 9 FCPATH\index.php(79): CodeIgniter\CodeIgniter->run()
10 SYSTEMPATH\Commands\Server\rewrite.php(47): require_once('C:\\laragon\\www\\laboratory2\\public\\index.php')
CRITICAL - 2023-09-23 15:39:30 --> Undefined array key "id"
in APPPATH\Views\musics.php on line 147.
 1 APPPATH\Views\musics.php(147): CodeIgniter\Debug\Exceptions->errorHandler(2, 'Undefined array key "id"', 'C:\\laragon\\www\\laboratory2\\app\\Views\\musics.php', 147)
 2 SYSTEMPATH\View\View.php(226): include('C:\\laragon\\www\\laboratory2\\app\\Views\\musics.php')
 3 SYSTEMPATH\View\View.php(229): CodeIgniter\View\View->CodeIgniter\View\{closure}()
 4 SYSTEMPATH\Common.php(1188): CodeIgniter\View\View->render('musics', [], true)
 5 APPPATH\Controllers\MusicController.php(24): view('musics', [...])
 6 SYSTEMPATH\CodeIgniter.php(919): App\Controllers\MusicController->CaibalLester()
 7 SYSTEMPATH\CodeIgniter.php(494): CodeIgniter\CodeIgniter->runController(Object(App\Controllers\MusicController))
 8 SYSTEMPATH\CodeIgniter.php(353): CodeIgniter\CodeIgniter->handleRequest(null, Object(Config\Cache), false)
 9 FCPATH\index.php(79): CodeIgniter\CodeIgniter->run()
10 SYSTEMPATH\Commands\Server\rewrite.php(47): require_once('C:\\laragon\\www\\laboratory2\\public\\index.php')
CRITICAL - 2023-09-23 15:39:48 --> Undefined array key "id"
in APPPATH\Views\musics.php on line 147.
 1 APPPATH\Views\musics.php(147): CodeIgniter\Debug\Exceptions->errorHandler(2, 'Undefined array key "id"', 'C:\\laragon\\www\\laboratory2\\app\\Views\\musics.php', 147)
 2 SYSTEMPATH\View\View.php(226): include('C:\\laragon\\www\\laboratory2\\app\\Views\\musics.php')
 3 SYSTEMPATH\View\View.php(229): CodeIgniter\View\View->CodeIgniter\View\{closure}()
 4 SYSTEMPATH\Common.php(1188): CodeIgniter\View\View->render('musics', [], true)
 5 APPPATH\Controllers\MusicController.php(24): view('musics', [...])
 6 SYSTEMPATH\CodeIgniter.php(919): App\Controllers\MusicController->CaibalLester()
 7 SYSTEMPATH\CodeIgniter.php(494): CodeIgniter\CodeIgniter->runController(Object(App\Controllers\MusicController))
 8 SYSTEMPATH\CodeIgniter.php(353): CodeIgniter\CodeIgniter->handleRequest(null, Object(Config\Cache), false)
 9 FCPATH\index.php(79): CodeIgniter\CodeIgniter->run()
10 SYSTEMPATH\Commands\Server\rewrite.php(47): require_once('C:\\laragon\\www\\laboratory2\\public\\index.php')
CRITICAL - 2023-09-23 15:40:17 --> Undefined array key "id"
in APPPATH\Views\musics.php on line 147.
 1 APPPATH\Views\musics.php(147): CodeIgniter\Debug\Exceptions->errorHandler(2, 'Undefined array key "id"', 'C:\\laragon\\www\\laboratory2\\app\\Views\\musics.php', 147)
 2 SYSTEMPATH\View\View.php(226): include('C:\\laragon\\www\\laboratory2\\app\\Views\\musics.php')
 3 SYSTEMPATH\View\View.php(229): CodeIgniter\View\View->CodeIgniter\View\{closure}()
 4 SYSTEMPATH\Common.php(1188): CodeIgniter\View\View->render('musics', [], true)
 5 APPPATH\Controllers\MusicController.php(24): view('musics', [...])
 6 SYSTEMPATH\CodeIgniter.php(919): App\Controllers\MusicController->CaibalLester()
 7 SYSTEMPATH\CodeIgniter.php(494): CodeIgniter\CodeIgniter->runController(Object(App\Controllers\MusicController))
 8 SYSTEMPATH\CodeIgniter.php(353): CodeIgniter\CodeIgniter->handleRequest(null, Object(Config\Cache), false)
 9 FCPATH\index.php(79): CodeIgniter\CodeIgniter->run()
10 SYSTEMPATH\Commands\Server\rewrite.php(47): require_once('C:\\laragon\\www\\laboratory2\\public\\index.php')
CRITICAL - 2023-09-23 15:40:20 --> Undefined array key "id"
in APPPATH\Views\musics.php on line 147.
 1 APPPATH\Views\musics.php(147): CodeIgniter\Debug\Exceptions->errorHandler(2, 'Undefined array key "id"', 'C:\\laragon\\www\\laboratory2\\app\\Views\\musics.php', 147)
 2 SYSTEMPATH\View\View.php(226): include('C:\\laragon\\www\\laboratory2\\app\\Views\\musics.php')
 3 SYSTEMPATH\View\View.php(229): CodeIgniter\View\View->CodeIgniter\View\{closure}()
 4 SYSTEMPATH\Common.php(1188): CodeIgniter\View\View->render('musics', [], true)
 5 APPPATH\Controllers\MusicController.php(24): view('musics', [...])
 6 SYSTEMPATH\CodeIgniter.php(919): App\Controllers\MusicController->CaibalLester()
 7 SYSTEMPATH\CodeIgniter.php(494): CodeIgniter\CodeIgniter->runController(Object(App\Controllers\MusicController))
 8 SYSTEMPATH\CodeIgniter.php(353): CodeIgniter\CodeIgniter->handleRequest(null, Object(Config\Cache), false)
 9 FCPATH\index.php(79): CodeIgniter\CodeIgniter->run()
10 SYSTEMPATH\Commands\Server\rewrite.php(47): require_once('C:\\laragon\\www\\laboratory2\\public\\index.php')
CRITICAL - 2023-09-23 15:40:32 --> Undefined array key "id"
in APPPATH\Views\musics.php on line 147.
 1 APPPATH\Views\musics.php(147): CodeIgniter\Debug\Exceptions->errorHandler(2, 'Undefined array key "id"', 'C:\\laragon\\www\\laboratory2\\app\\Views\\musics.php', 147)
 2 SYSTEMPATH\View\View.php(226): include('C:\\laragon\\www\\laboratory2\\app\\Views\\musics.php')
 3 SYSTEMPATH\View\View.php(229): CodeIgniter\View\View->CodeIgniter\View\{closure}()
 4 SYSTEMPATH\Common.php(1188): CodeIgniter\View\View->render('musics', [], true)
 5 APPPATH\Controllers\MusicController.php(24): view('musics', [...])
 6 SYSTEMPATH\CodeIgniter.php(919): App\Controllers\MusicController->CaibalLester()
 7 SYSTEMPATH\CodeIgniter.php(494): CodeIgniter\CodeIgniter->runController(Object(App\Controllers\MusicController))
 8 SYSTEMPATH\CodeIgniter.php(353): CodeIgniter\CodeIgniter->handleRequest(null, Object(Config\Cache), false)
 9 FCPATH\index.php(79): CodeIgniter\CodeIgniter->run()
10 SYSTEMPATH\Commands\Server\rewrite.php(47): require_once('C:\\laragon\\www\\laboratory2\\public\\index.php')
CRITICAL - 2023-09-23 15:51:23 --> Undefined variable $pr
in APPPATH\Views\musics.php on line 122.
 1 APPPATH\Views\musics.php(122): CodeIgniter\Debug\Exceptions->errorHandler(2, 'Undefined variable $pr', 'C:\\laragon\\www\\laboratory2\\app\\Views\\musics.php', 122)
 2 SYSTEMPATH\View\View.php(226): include('C:\\laragon\\www\\laboratory2\\app\\Views\\musics.php')
 3 SYSTEMPATH\View\View.php(229): CodeIgniter\View\View->CodeIgniter\View\{closure}()
 4 SYSTEMPATH\Common.php(1188): CodeIgniter\View\View->render('musics', [], true)
 5 APPPATH\Controllers\MusicController.php(24): view('musics', [...])
 6 SYSTEMPATH\CodeIgniter.php(919): App\Controllers\MusicController->CaibalLester()
 7 SYSTEMPATH\CodeIgniter.php(494): CodeIgniter\CodeIgniter->runController(Object(App\Controllers\MusicController))
 8 SYSTEMPATH\CodeIgniter.php(353): CodeIgniter\CodeIgniter->handleRequest(null, Object(Config\Cache), false)
 9 FCPATH\index.php(79): CodeIgniter\CodeIgniter->run()
10 SYSTEMPATH\Commands\Server\rewrite.php(47): require_once('C:\\laragon\\www\\laboratory2\\public\\index.php')
